<?xml version="1.0" encoding="UTF-8"?>
<testng-results skipped="0" failed="0" ignored="0" total="1" passed="1">
  <reporter-output>
  </reporter-output>
  <suite name="Default suite" duration-ms="9661" started-at="2021-04-25T04:06:04Z" finished-at="2021-04-25T04:06:13Z">
    <groups>
    </groups>
    <test name="Default test" duration-ms="9661" started-at="2021-04-25T04:06:04Z" finished-at="2021-04-25T04:06:13Z">
      <class name="com.Base.LoginTest">
        <test-method status="PASS" signature="login()[pri:0, instance:com.Base.LoginTest@3632be31]" name="login" duration-ms="9608" started-at="2021-04-25T04:06:04Z" finished-at="2021-04-25T04:06:13Z">
          <reporter-output>
          </reporter-output>
        </test-method> <!-- login -->
      </class> <!-- com.Base.LoginTest -->
    </test> <!-- Default test -->
  </suite> <!-- Default suite -->
</testng-results>
